\BOOKMARK [0][-]{chapter.1}{\376\377\000B\000e\000v\000e\000z\000e\000t\000\351\000s}{}% 1
\BOOKMARK [1][-]{section.1.1}{\376\377\000A\000\040\000d\000o\000l\000g\000o\000z\000a\000t\000\040\000c\000\351\000l\000j\000a\000\040\000\351\000s\000\040\000f\000e\000l\000\351\000p\000\355\000t\000\351\000s\000e\000\040}{chapter.1}% 2
\BOOKMARK [1][-]{section.1.2}{\376\377\000S\000e\000c\000u\000r\000i\000t\000y\000\040\000I\000n\000f\000o\000r\000m\000a\000t\000i\000o\000n\000\040\000a\000n\000d\000\040\000E\000v\000e\000n\000t\000\040\000M\000a\000n\000a\000g\000e\000m\000e\000n\000t}{chapter.1}% 3
\BOOKMARK [1][-]{section.1.3}{\376\377\000I\000d\000e\000n\000t\000i\000t\000y\000\040\000m\000a\000n\000a\000g\000e\000m\000e\000n\000t}{chapter.1}% 4
\BOOKMARK [1][-]{section.1.4}{\376\377\000A\000\040\000f\000e\000l\000a\000d\000a\000t\000\040\000s\000p\000e\000c\000i\000f\000i\000k\000\341\000l\000\341\000s\000a}{chapter.1}% 5
\BOOKMARK [2][-]{subsection.1.4.1}{\376\377\000I\000n\000t\000e\000g\000r\000\341\000c\000i\000\363\000\040\000T\000D\000I\000\040\000s\000e\000g\000\355\000t\000s\000\351\000g\000\351\000v\000e\000l}{section.1.4}% 6
\BOOKMARK [2][-]{subsection.1.4.2}{\376\377\000W\000A\000S\000\040\000a\000l\000k\000a\000l\000m\000a\000z\000\341\000s\000\040\000f\000o\000r\000m\000\341\000j\000\341\000b\000a\000n}{section.1.4}% 7
\BOOKMARK [0][-]{chapter.2}{\376\377\000I\000r\000o\000d\000a\000l\000o\000m\000k\000u\000t\000a\000t\000\341\000s\000\040\000\351\000s\000\040\000a\000\040\000f\000e\000l\000h\000a\000s\000z\000n\000\341\000l\000t\000\040\000t\000e\000c\000h\000n\000o\000l\000\363\000g\000i\000\341\000k}{}% 8
\BOOKMARK [1][-]{section.2.1}{\376\377\000A\000\040\000f\000e\000l\000h\000a\000s\000z\000n\000\341\000l\000t\000\040\000t\000e\000c\000h\000n\000o\000l\000\363\000g\000i\000\341\000k\000\040\000i\000s\000m\000e\000r\000t\000e\000t\000\351\000s\000e}{chapter.2}% 9
\BOOKMARK [2][-]{subsection.2.1.1}{\376\377\000I\000B\000M\000\040\000S\000e\000c\000u\000r\000i\000t\000y\000\040\000Q\000R\000a\000d\000a\000r\000\040\000S\000I\000E\000M}{section.2.1}% 10
\BOOKMARK [2][-]{subsection.2.1.2}{\376\377\000I\000B\000M\000\040\000S\000e\000c\000u\000r\000i\000t\000y\000\040\000I\000d\000e\000n\000t\000i\000t\000y\000\040\000M\000a\000n\000a\000g\000e\000r\000\040\000-\000\040\000I\000S\000I\000M}{section.2.1}% 11
\BOOKMARK [2][-]{subsection.2.1.3}{\376\377\000T\000i\000v\000o\000l\000i\000\040\000D\000i\000r\000e\000c\000t\000o\000r\000y\000\040\000I\000n\000t\000e\000g\000r\000a\000t\000o\000r\000\040\000-\000\040\000T\000D\000I}{section.2.1}% 12
\BOOKMARK [0][-]{chapter.3}{\376\377\000F\000e\000l\000a\000d\000a\000t\000\040\000m\000e\000g\000v\000a\000l\000\363\000s\000\355\000t\000\341\000s\000a}{}% 13
\BOOKMARK [1][-]{section.3.1}{\376\377\000W\000r\000a\000p\000p\000e\000r\000\040\000f\000e\000j\000l\000e\000s\000z\000t\000\351\000s\000e\000\040\000Q\000R\000a\000d\000a\000r\000-\000h\000o\000z}{chapter.3}% 14
\BOOKMARK [1][-]{section.3.2}{\376\377\000T\000D\000I\000\040\000I\000n\000t\000e\000g\000r\000\341\000c\000i\000\363\000\040\000m\000e\000g\000v\000a\000l\000\363\000s\000\355\000t\000\341\000s\000a}{chapter.3}% 15
\BOOKMARK [2][-]{subsection.3.2.1}{\376\377\000Q\000R\000a\000d\000a\000r\000\040\000c\000o\000n\000n\000e\000c\000t\000o\000r\000\040\000f\000e\000j\000l\000e\000s\000z\000t\000\351\000s\000e\000\040\000T\000D\000I\000-\000h\000o\000z}{section.3.2}% 16
\BOOKMARK [2][-]{subsection.3.2.2}{\376\377\000C\000o\000n\000n\000e\000c\000t\000o\000r\000\040\000t\000e\000s\000z\000t\000e\000l\000\351\000s\000e}{section.3.2}% 17
\BOOKMARK [1][-]{section.3.3}{\376\377\000W\000A\000S\000\040\000i\000n\000t\000e\000g\000r\000\341\000c\000i\000\363\000\040\000m\000e\000g\000v\000a\000l\000\363\000s\000\355\000t\000\341\000s\000a}{chapter.3}% 18
\BOOKMARK [2][-]{subsection.3.3.1}{\376\377\000A\000r\000c\000h\000i\000t\000e\000k\000t\000\372\000r\000a\000\040\000t\000e\000r\000v\000e\000z\000\351\000s\000e}{section.3.3}% 19
\BOOKMARK [2][-]{subsection.3.3.2}{\376\377\000M\000e\000g\000v\000a\000l\000\363\000s\000\355\000t\000o\000t\000t\000\040\000a\000l\000k\000a\000l\000m\000a\000z\000\341\000s}{section.3.3}% 20
\BOOKMARK [1][-]{section.3.4}{\376\377\000Q\000u\000e\000r\000y\000-\000k\000\040\000i\000m\000p\000l\000e\000m\000e\000n\000t\000\341\000c\000i\000\363\000j\000a}{chapter.3}% 21
\BOOKMARK [1][-]{section.3.5}{\376\377\000Q\000R\000a\000d\000a\000r\000\040\000e\000s\000e\000m\000\351\000n\000y\000\040\000k\000\374\000l\000d\001\121\000\040\000f\000e\000j\000l\000e\000s\000z\000t\000\351\000s\000e}{chapter.3}% 22
\BOOKMARK [2][-]{subsection.3.5.1}{\376\377\000T\000D\000I\000\040\000a\000l\000a\000p\000\372\000\040\000s\000y\000s\000l\000o\000g\000\040\000k\000\374\000l\000d\001\121\000\040\000f\000e\000j\000l\000e\000s\000z\000t\000\351\000s\000e}{section.3.5}% 23
\BOOKMARK [2][-]{subsection.3.5.2}{\376\377\000Q\000R\000a\000d\000a\000r\000\040\000o\000l\000d\000a\000l\000i\000\040\000e\000s\000e\000m\000\351\000n\000y\000\040\000f\000o\000g\000a\000d\000\363\000\040\000f\000e\000j\000l\000e\000s\000z\000t\000\351\000s\000e}{section.3.5}% 24
\BOOKMARK [0][-]{chapter.4}{\376\377\000M\000e\000g\000o\000l\000d\000\341\000s\000o\000k\000\040\000t\000e\000l\000e\000p\000\355\000t\000\351\000s\000e\000,\000\040\000h\000a\000s\000z\000n\000\341\000l\000a\000t\000a}{}% 25
\BOOKMARK [1][-]{section.4.1}{\376\377\000T\000D\000I\000\040\000a\000l\000a\000p\000\372\000\040\000f\000e\000l\000t\000\366\000l\000t\001\121}{chapter.4}% 26
\BOOKMARK [2][-]{subsection.4.1.1}{\376\377\000T\000e\000l\000e\000p\000\355\000t\000\351\000s}{section.4.1}% 27
\BOOKMARK [0][-]{chapter.5}{\376\377\000\326\000s\000s\000z\000e\000f\000o\000g\000l\000a\000l\000\341\000s}{}% 28
